0 info it worked if it ends with ok
1 verbose cli [ '/Users/philipjohnson/.meteor/packages/meteor-tool/.1.4.2_4.5ujt44++os.osx.x86_64+web.browser+web.cordova/mt-os.osx.x86_64/dev_bundle/bin/node',
1 verbose cli   '/Users/philipjohnson/.meteor/packages/meteor-tool/.1.4.2_4.5ujt44++os.osx.x86_64+web.browser+web.cordova/mt-os.osx.x86_64/dev_bundle/bin/npm',
1 verbose cli   'run',
1 verbose cli   'start' ]
2 info using npm@4.1.2
3 info using node@v4.7.3
4 verbose stack Error: ENOENT: no such file or directory, open '/Users/philipjohnson/github/philipmjohnson/philipmjohnson.github.io/package.json'
4 verbose stack     at Error (native)
5 verbose cwd /Users/philipjohnson/github/philipmjohnson/philipmjohnson.github.io
6 error Darwin 16.4.0
7 error argv "/Users/philipjohnson/.meteor/packages/meteor-tool/.1.4.2_4.5ujt44++os.osx.x86_64+web.browser+web.cordova/mt-os.osx.x86_64/dev_bundle/bin/node" "/Users/philipjohnson/.meteor/packages/meteor-tool/.1.4.2_4.5ujt44++os.osx.x86_64+web.browser+web.cordova/mt-os.osx.x86_64/dev_bundle/bin/npm" "run" "start"
8 error node v4.7.3
9 error npm  v4.1.2
10 error path /Users/philipjohnson/github/philipmjohnson/philipmjohnson.github.io/package.json
11 error code ENOENT
12 error errno -2
13 error syscall open
14 error enoent ENOENT: no such file or directory, open '/Users/philipjohnson/github/philipmjohnson/philipmjohnson.github.io/package.json'
15 error enoent ENOENT: no such file or directory, open '/Users/philipjohnson/github/philipmjohnson/philipmjohnson.github.io/package.json'
15 error enoent This is most likely not a problem with npm itself
15 error enoent and is related to npm not being able to find a file.
16 verbose exit [ -2, true ]
